2021-09-13 03:29:45,195 INFO startup [JobManagement-2] Job : amlcases-postgres is running  heartbeat : JC-4952@Joses-MBP.hsd1.fl.comcast.net
2021-09-13 06:33:16,427 INFO startup [JobManagement-1] Job : amlcases-postgres Not running, status set to UNASSIGNED
2021-09-13 10:34:35,326 INFO startup [JobManagement-2]  Job : amlcases-postgres Not running, status is UNASSIGNED
2021-09-13 10:58:50,219 INFO startup [JobManagement-2] Job : amlcases-postgres is running  heartbeat : JC-4952@Joses-MBP.hsd1.fl.comcast.net
2021-09-13 10:59:35,209 INFO startup [JobManagement-2] Job : amlcases-postgres is running  heartbeat : JC-4952@Joses-MBP.hsd1.fl.comcast.net
2021-09-13 11:00:20,206 INFO startup [JobManagement-1] Job : amlcases-postgres is running  heartbeat : JC-4952@Joses-MBP.hsd1.fl.comcast.net
2021-09-13 11:01:05,213 INFO startup [JobManagement-2] Job : amlcases-postgres is running  heartbeat : JC-4952@Joses-MBP.hsd1.fl.comcast.net
2021-09-13 11:01:50,208 INFO startup [JobManagement-2] Job : amlcases-postgres is running  heartbeat : JC-4952@Joses-MBP.hsd1.fl.comcast.net
2021-09-13 11:02:35,209 INFO startup [JobManagement-1] Job : amlcases-postgres is running  heartbeat : JC-4952@Joses-MBP.hsd1.fl.comcast.net
2021-09-13 11:03:20,210 INFO startup [JobManagement-2] Job : amlcases-postgres is running  heartbeat : JC-4952@Joses-MBP.hsd1.fl.comcast.net
2021-09-13 11:04:05,209 INFO startup [JobManagement-1] Job : amlcases-postgres is running  heartbeat : JC-4952@Joses-MBP.hsd1.fl.comcast.net
2021-09-13 11:04:50,215 INFO startup [JobManagement-2] Job : amlcases-postgres is running  heartbeat : JC-4952@Joses-MBP.hsd1.fl.comcast.net
2021-09-13 11:05:35,204 INFO startup [JobManagement-2] Job : amlcases-postgres is running  heartbeat : JC-4952@Joses-MBP.hsd1.fl.comcast.net
2021-09-13 11:06:20,205 INFO startup [JobManagement-2] Job : amlcases-postgres is running  heartbeat : JC-4952@Joses-MBP.hsd1.fl.comcast.net
2021-09-13 11:07:05,208 INFO startup [JobManagement-1] Job : amlcases-postgres is running  heartbeat : JC-4952@Joses-MBP.hsd1.fl.comcast.net
2021-09-13 11:07:50,204 INFO startup [JobManagement-1] Job : amlcases-postgres is running  heartbeat : JC-4952@Joses-MBP.hsd1.fl.comcast.net
2021-09-13 11:08:35,211 INFO startup [JobManagement-2] Job : amlcases-postgres is running  heartbeat : JC-4952@Joses-MBP.hsd1.fl.comcast.net
2021-09-13 11:09:20,201 INFO startup [JobManagement-2] Job : amlcases-postgres is running  heartbeat : JC-4952@Joses-MBP.hsd1.fl.comcast.net
2021-09-13 11:10:05,206 INFO startup [JobManagement-2] Job : amlcases-postgres is running  heartbeat : JC-4952@Joses-MBP.hsd1.fl.comcast.net
2021-09-13 11:10:50,211 INFO startup [JobManagement-1] Job : amlcases-postgres is running  heartbeat : JC-4952@Joses-MBP.hsd1.fl.comcast.net
2021-09-13 11:11:35,208 INFO startup [JobManagement-1] Job : amlcases-postgres is running  heartbeat : JC-4952@Joses-MBP.hsd1.fl.comcast.net
2021-09-13 11:12:20,207 INFO startup [JobManagement-1] Job : amlcases-postgres is running  heartbeat : JC-4952@Joses-MBP.hsd1.fl.comcast.net
2021-09-13 11:13:05,205 INFO startup [JobManagement-1] Job : amlcases-postgres is running  heartbeat : JC-4952@Joses-MBP.hsd1.fl.comcast.net
2021-09-13 11:13:50,198 INFO startup [JobManagement-2] Job : amlcases-postgres is running  heartbeat : JC-4952@Joses-MBP.hsd1.fl.comcast.net
2021-09-13 11:14:35,198 INFO startup [JobManagement-2] Job : amlcases-postgres is running  heartbeat : JC-4952@Joses-MBP.hsd1.fl.comcast.net
2021-09-13 11:15:20,202 INFO startup [JobManagement-1] Job : amlcases-postgres is running  heartbeat : JC-4952@Joses-MBP.hsd1.fl.comcast.net
2021-09-13 11:16:05,200 INFO startup [JobManagement-1] Job : amlcases-postgres is running  heartbeat : JC-4952@Joses-MBP.hsd1.fl.comcast.net
2021-09-13 11:16:50,200 INFO startup [JobManagement-2] Job : amlcases-postgres is running  heartbeat : JC-4952@Joses-MBP.hsd1.fl.comcast.net
2021-09-13 11:17:35,197 INFO startup [JobManagement-2] Job : amlcases-postgres is running  heartbeat : JC-4952@Joses-MBP.hsd1.fl.comcast.net
2021-09-13 11:18:20,192 INFO startup [JobManagement-2] Job : amlcases-postgres is running  heartbeat : JC-4952@Joses-MBP.hsd1.fl.comcast.net
2021-09-13 11:19:05,202 INFO startup [JobManagement-1] Job : amlcases-postgres is running  heartbeat : JC-4952@Joses-MBP.hsd1.fl.comcast.net
2021-09-13 11:19:50,200 INFO startup [JobManagement-1] Job : amlcases-postgres is running  heartbeat : JC-4952@Joses-MBP.hsd1.fl.comcast.net
2021-09-13 11:20:35,193 INFO startup [JobManagement-1] Job : amlcases-postgres is running  heartbeat : JC-4952@Joses-MBP.hsd1.fl.comcast.net
2021-09-13 11:21:20,195 INFO startup [JobManagement-2] Job : amlcases-postgres is running  heartbeat : JC-4952@Joses-MBP.hsd1.fl.comcast.net
2021-09-13 11:22:05,193 INFO startup [JobManagement-2] Job : amlcases-postgres is running  heartbeat : JC-4952@Joses-MBP.hsd1.fl.comcast.net
2021-09-13 11:22:50,189 INFO startup [JobManagement-1] Job : amlcases-postgres is running  heartbeat : JC-4952@Joses-MBP.hsd1.fl.comcast.net
2021-09-13 11:23:35,191 INFO startup [JobManagement-1] Job : amlcases-postgres is running  heartbeat : JC-4952@Joses-MBP.hsd1.fl.comcast.net
2021-09-13 11:24:20,192 INFO startup [JobManagement-1] Job : amlcases-postgres is running  heartbeat : JC-4952@Joses-MBP.hsd1.fl.comcast.net
2021-09-13 11:25:05,191 INFO startup [JobManagement-1] Job : amlcases-postgres is running  heartbeat : JC-4952@Joses-MBP.hsd1.fl.comcast.net
2021-09-13 11:25:50,186 INFO startup [JobManagement-2] Job : amlcases-postgres is running  heartbeat : JC-4952@Joses-MBP.hsd1.fl.comcast.net
2021-09-13 11:26:35,189 INFO startup [JobManagement-2] Job : amlcases-postgres is running  heartbeat : JC-4952@Joses-MBP.hsd1.fl.comcast.net
2021-09-13 11:27:20,188 INFO startup [JobManagement-1] Job : amlcases-postgres is running  heartbeat : JC-4952@Joses-MBP.hsd1.fl.comcast.net
2021-09-13 11:28:05,187 INFO startup [JobManagement-1] Job : amlcases-postgres is running  heartbeat : JC-4952@Joses-MBP.hsd1.fl.comcast.net
2021-09-13 11:28:50,189 INFO startup [JobManagement-2] Job : amlcases-postgres is running  heartbeat : JC-4952@Joses-MBP.hsd1.fl.comcast.net
2021-09-13 11:29:35,190 INFO startup [JobManagement-2] Job : amlcases-postgres is running  heartbeat : JC-4952@Joses-MBP.hsd1.fl.comcast.net
2021-09-13 11:30:20,188 INFO startup [JobManagement-1] Job : amlcases-postgres is running  heartbeat : JC-4952@Joses-MBP.hsd1.fl.comcast.net
2021-09-13 11:31:05,191 INFO startup [JobManagement-1] Job : amlcases-postgres is running  heartbeat : JC-4952@Joses-MBP.hsd1.fl.comcast.net
2021-09-13 11:31:50,192 INFO startup [JobManagement-1] Job : amlcases-postgres is running  heartbeat : JC-4952@Joses-MBP.hsd1.fl.comcast.net
2021-09-13 11:32:35,191 INFO startup [JobManagement-2] Job : amlcases-postgres is running  heartbeat : JC-4952@Joses-MBP.hsd1.fl.comcast.net
2021-09-13 11:33:20,188 INFO startup [JobManagement-1] Job : amlcases-postgres is running  heartbeat : JC-4952@Joses-MBP.hsd1.fl.comcast.net
2021-09-13 11:34:05,190 INFO startup [JobManagement-2] Job : amlcases-postgres is running  heartbeat : JC-4952@Joses-MBP.hsd1.fl.comcast.net
2021-09-13 11:34:50,189 INFO startup [JobManagement-2] Job : amlcases-postgres is running  heartbeat : JC-4952@Joses-MBP.hsd1.fl.comcast.net
2021-09-13 11:35:35,193 INFO startup [JobManagement-2] Job : amlcases-postgres is running  heartbeat : JC-4952@Joses-MBP.hsd1.fl.comcast.net
2021-09-13 11:36:20,179 INFO startup [JobManagement-1] Job : amlcases-postgres is running  heartbeat : JC-4952@Joses-MBP.hsd1.fl.comcast.net
2021-09-13 11:37:05,181 INFO startup [JobManagement-2] Job : amlcases-postgres is running  heartbeat : JC-4952@Joses-MBP.hsd1.fl.comcast.net
2021-09-13 11:37:50,181 INFO startup [JobManagement-2] Job : amlcases-postgres is running  heartbeat : JC-4952@Joses-MBP.hsd1.fl.comcast.net
2021-09-13 11:38:35,182 INFO startup [JobManagement-2] Job : amlcases-postgres is running  heartbeat : JC-4952@Joses-MBP.hsd1.fl.comcast.net
2021-09-13 11:39:20,187 INFO startup [JobManagement-2] Job : amlcases-postgres is running  heartbeat : JC-4952@Joses-MBP.hsd1.fl.comcast.net
2021-09-13 11:40:05,192 INFO startup [JobManagement-1] Job : amlcases-postgres is running  heartbeat : JC-4952@Joses-MBP.hsd1.fl.comcast.net
2021-09-13 11:40:50,185 INFO startup [JobManagement-1] Job : amlcases-postgres is running  heartbeat : JC-4952@Joses-MBP.hsd1.fl.comcast.net
2021-09-13 11:41:35,184 INFO startup [JobManagement-1] Job : amlcases-postgres is running  heartbeat : JC-4952@Joses-MBP.hsd1.fl.comcast.net
2021-09-13 11:42:20,187 INFO startup [JobManagement-2] Job : amlcases-postgres is running  heartbeat : JC-4952@Joses-MBP.hsd1.fl.comcast.net
2021-09-13 11:43:05,191 INFO startup [JobManagement-2] Job : amlcases-postgres is running  heartbeat : JC-4952@Joses-MBP.hsd1.fl.comcast.net
2021-09-13 11:43:50,181 INFO startup [JobManagement-2] Job : amlcases-postgres is running  heartbeat : JC-4952@Joses-MBP.hsd1.fl.comcast.net
2021-09-13 11:44:35,181 INFO startup [JobManagement-1] Job : amlcases-postgres is running  heartbeat : JC-4952@Joses-MBP.hsd1.fl.comcast.net
2021-09-13 11:45:20,183 INFO startup [JobManagement-1] Job : amlcases-postgres is running  heartbeat : JC-4952@Joses-MBP.hsd1.fl.comcast.net
2021-09-13 11:46:05,185 INFO startup [JobManagement-2] Job : amlcases-postgres is running  heartbeat : JC-4952@Joses-MBP.hsd1.fl.comcast.net
2021-09-13 11:46:50,190 INFO startup [JobManagement-1] Job : amlcases-postgres is running  heartbeat : JC-4952@Joses-MBP.hsd1.fl.comcast.net
2021-09-13 11:47:35,181 INFO startup [JobManagement-1] Job : amlcases-postgres is running  heartbeat : JC-4952@Joses-MBP.hsd1.fl.comcast.net
2021-09-13 11:48:20,182 INFO startup [JobManagement-2] Job : amlcases-postgres is running  heartbeat : JC-4952@Joses-MBP.hsd1.fl.comcast.net
2021-09-13 11:49:05,187 INFO startup [JobManagement-1] Job : amlcases-postgres is running  heartbeat : JC-4952@Joses-MBP.hsd1.fl.comcast.net
2021-09-13 12:05:00,339 INFO startup [JobManagement-1] Job : amlcases-postgres is running  heartbeat : JC-4952@Joses-MBP.hsd1.fl.comcast.net
2021-09-13 12:05:45,334 INFO startup [JobManagement-2] Job : amlcases-postgres is running  heartbeat : JC-4952@Joses-MBP.hsd1.fl.comcast.net
2021-09-13 12:06:30,339 INFO startup [JobManagement-2] Job : amlcases-postgres is running  heartbeat : JC-4952@Joses-MBP.hsd1.fl.comcast.net
2021-09-13 12:07:15,335 INFO startup [JobManagement-2] Job : amlcases-postgres is running  heartbeat : JC-4952@Joses-MBP.hsd1.fl.comcast.net
2021-09-13 12:08:00,341 INFO startup [JobManagement-2] Job : amlcases-postgres is running  heartbeat : JC-4952@Joses-MBP.hsd1.fl.comcast.net
2021-09-13 12:08:45,341 INFO startup [JobManagement-1] Job : amlcases-postgres is running  heartbeat : JC-4952@Joses-MBP.hsd1.fl.comcast.net
2021-09-13 12:09:30,339 INFO startup [JobManagement-2] Job : amlcases-postgres is running  heartbeat : JC-4952@Joses-MBP.hsd1.fl.comcast.net
2021-09-13 12:10:15,336 INFO startup [JobManagement-1] Job : amlcases-postgres is running  heartbeat : JC-4952@Joses-MBP.hsd1.fl.comcast.net
2021-09-13 12:11:00,336 INFO startup [JobManagement-2] Job : amlcases-postgres is running  heartbeat : JC-4952@Joses-MBP.hsd1.fl.comcast.net
2021-09-13 12:11:45,347 INFO startup [JobManagement-2] Job : amlcases-postgres is running  heartbeat : JC-4952@Joses-MBP.hsd1.fl.comcast.net
2021-09-13 12:12:30,339 INFO startup [JobManagement-2] Job : amlcases-postgres is running  heartbeat : JC-4952@Joses-MBP.hsd1.fl.comcast.net
2021-09-13 12:13:15,344 INFO startup [JobManagement-2] Job : amlcases-postgres is running  heartbeat : JC-4952@Joses-MBP.hsd1.fl.comcast.net
2021-09-13 12:14:00,348 INFO startup [JobManagement-1] Job : amlcases-postgres is running  heartbeat : JC-4952@Joses-MBP.hsd1.fl.comcast.net
2021-09-13 12:16:17,882 INFO startup [main] ##################################################################
2021-09-13 12:16:17,884 INFO startup [main] 	
2021-09-13 12:16:17,884 INFO startup [main] REDIS CONNECT SETUP CLEAN - Cleaning the Existing Configs which are present in Redis Database
2021-09-13 12:16:17,884 INFO startup [main] 	
2021-09-13 12:16:17,884 INFO startup [main] ##################################################################
2021-09-13 12:16:17,987 DEBUG reactor.util.Loggers$LoggerFactory [main] Using Slf4j logging framework
2021-09-13 12:16:18,447 ERROR startup [main] ERRORCODE: E1040 REASON: Unable to connect Redis Server. Please check the port number
2021-09-13 12:16:18,447 ERROR startup [main] Error connecting to Redis for connectionId : jobConfigConnection  - Unable to connect to localhost/<unresolved>:12001
2021-09-13 12:16:19,090 INFO startup [main] ##################################################################
2021-09-13 12:16:19,091 INFO startup [main] 	
2021-09-13 12:16:19,091 INFO startup [main] REDIS CONNECT SETUP CREATE - Creating the configs in Redis Database
2021-09-13 12:16:19,091 INFO startup [main] 	
2021-09-13 12:16:19,091 INFO startup [main] ##################################################################
2021-09-13 12:16:19,180 DEBUG reactor.util.Loggers$LoggerFactory [main] Using Slf4j logging framework
2021-09-13 12:16:19,608 ERROR startup [main] ERRORCODE: E1040 REASON: Unable to connect Redis Server. Please check the port number
2021-09-13 12:16:19,608 ERROR startup [main] Error connecting to Redis for connectionId : jobConfigConnection  - Unable to connect to localhost/<unresolved>:12001
2021-09-13 12:16:20,044 INFO startup [main]  /$$$$$$$                  /$$ /$$                  /$$$$$$                                                      /$$
2021-09-13 12:16:20,046 INFO startup [main] | $$__  $$                | $$|__/                 /$$__  $$                                                    | $$
2021-09-13 12:16:20,047 INFO startup [main] | $$  \ $$  /$$$$$$   /$$$$$$$ /$$  /$$$$$$$      | $$  \__/  /$$$$$$  /$$$$$$$  /$$$$$$$   /$$$$$$   /$$$$$$$ /$$$$$$
2021-09-13 12:16:20,047 INFO startup [main] | $$$$$$$/ /$$__  $$ /$$__  $$| $$ /$$_____/      | $$       /$$__  $$| $$__  $$| $$__  $$ /$$__  $$ /$$_____/|_  $$_/
2021-09-13 12:16:20,047 INFO startup [main] | $$__  $$| $$$$$$$$| $$  | $$| $$|  $$$$$$       | $$      | $$  \ $$| $$  \ $$| $$  \ $$| $$$$$$$$| $$        | $$
2021-09-13 12:16:20,047 INFO startup [main] | $$  \ $$| $$_____/| $$  | $$| $$ \____  $$      | $$    $$| $$  | $$| $$  | $$| $$  | $$| $$_____/| $$        | $$ /$$
2021-09-13 12:16:20,048 INFO startup [main] | $$  | $$|  $$$$$$$|  $$$$$$$| $$ /$$$$$$$/      |  $$$$$$/|  $$$$$$/| $$  | $$| $$  | $$|  $$$$$$$|  $$$$$$$  |  $$$$/
2021-09-13 12:16:20,048 INFO startup [main] |__/  |__/ \_______/ \_______/|__/|_______/        \______/  \______/ |__/  |__/|__/  |__/ \_______/ \_______/   \___/
2021-09-13 12:16:20,048 INFO startup [main] 
2021-09-13 12:16:20,048 INFO startup [main] 
2021-09-13 12:16:20,048 INFO startup [main] ##################################################################
2021-09-13 12:16:20,048 INFO startup [main] 	
2021-09-13 12:16:20,048 INFO startup [main] Initializing Redis Connect Instance
2021-09-13 12:16:20,048 INFO startup [main] 	
2021-09-13 12:16:20,048 INFO startup [main] ##################################################################
2021-09-13 12:16:20,052 INFO startup [main] connect-core         : Build : 1.0.2.150 : Build-Time : 2021-07-27T23:17:09Z
2021-09-13 12:16:20,055 INFO startup [main] connect-redis-core   : Build : 1.0.2.144 : Build-Time : 2021-07-27T23:17:09Z
2021-09-13 12:16:20,057 INFO startup [main] connector-rdb        : Build : 1.0.2.149 : Build-Time : 2021-07-27T23:17:09Z
2021-09-13 12:16:25,058 INFO startup [main] Requesting for Job Manager backed by : RedisStream
2021-09-13 12:16:25,347 DEBUG reactor.util.Loggers$LoggerFactory [main] Using Slf4j logging framework
2021-09-13 12:16:25,742 ERROR startup [main] ERRORCODE: E1040 REASON: Unable to connect Redis Server. Please check the port number
2021-09-13 12:16:25,742 ERROR startup [main] Error connecting to Redis for connectionId : jobConfigConnection  - Unable to connect to localhost/<unresolved>:12001
2021-09-13 13:36:22,160 INFO startup [main] ##################################################################
2021-09-13 13:36:22,162 INFO startup [main] 	
2021-09-13 13:36:22,162 INFO startup [main] REDIS CONNECT SETUP CLEAN - Cleaning the Existing Configs which are present in Redis Database
2021-09-13 13:36:22,162 INFO startup [main] 	
2021-09-13 13:36:22,162 INFO startup [main] ##################################################################
2021-09-13 13:36:22,275 DEBUG reactor.util.Loggers$LoggerFactory [main] Using Slf4j logging framework
2021-09-13 13:36:22,797 INFO startup [main] Connected to Redis for connectionId : jobConfigConnection PING received PONG 
2021-09-13 13:36:22,805 INFO startup [main] Cleaning Job Stream and Job Configuration from Redis Database
2021-09-13 13:36:22,805 INFO startup [main] Cleaning the Script Configuration from Redis Database
2021-09-13 13:36:22,812 INFO startup [main] Cleaning the metrics from Redis Database
2021-09-13 13:36:22,812 INFO startup [main] Cleaning Completed.
2021-09-13 13:36:23,851 INFO startup [main] ##################################################################
2021-09-13 13:36:23,852 INFO startup [main] 	
2021-09-13 13:36:23,853 INFO startup [main] REDIS CONNECT SETUP CREATE - Creating the configs in Redis Database
2021-09-13 13:36:23,853 INFO startup [main] 	
2021-09-13 13:36:23,853 INFO startup [main] ##################################################################
2021-09-13 13:36:23,939 DEBUG reactor.util.Loggers$LoggerFactory [main] Using Slf4j logging framework
2021-09-13 13:36:24,346 INFO startup [main] Connected to Redis for connectionId : jobConfigConnection PING received PONG 
2021-09-13 13:36:24,356 INFO startup [main] Setting Job Configuration information in Redis Database
2021-09-13 13:36:24,369 INFO startup [main] Job Configuration Information is now Set in Redis Database
2021-09-13 13:36:24,473 ERROR startup [main] Key : public:amlcases:C:Throughput does not exist
2021-09-13 13:36:24,479 ERROR startup [main] Key : public:amlcases:U:Throughput does not exist
2021-09-13 13:36:24,485 ERROR startup [main] Key : public:amlcases:D:Throughput does not exist
2021-09-13 13:36:24,490 ERROR startup [main] Key : public:amlcases:Latency does not exist
2021-09-13 13:36:24,492 INFO startup [main] Setting Metrics Configuration in Redis Database
2021-09-13 13:36:24,511 INFO startup [main] Metrics Configuration is now set in Redis Database
2021-09-13 13:36:24,511 INFO startup [main] Checking for Lua Scripts if found any...
2021-09-13 13:36:24,511 INFO startup [main] Setup Completed.
2021-09-13 13:36:25,337 INFO startup [main]  /$$$$$$$                  /$$ /$$                  /$$$$$$                                                      /$$
2021-09-13 13:36:25,339 INFO startup [main] | $$__  $$                | $$|__/                 /$$__  $$                                                    | $$
2021-09-13 13:36:25,339 INFO startup [main] | $$  \ $$  /$$$$$$   /$$$$$$$ /$$  /$$$$$$$      | $$  \__/  /$$$$$$  /$$$$$$$  /$$$$$$$   /$$$$$$   /$$$$$$$ /$$$$$$
2021-09-13 13:36:25,339 INFO startup [main] | $$$$$$$/ /$$__  $$ /$$__  $$| $$ /$$_____/      | $$       /$$__  $$| $$__  $$| $$__  $$ /$$__  $$ /$$_____/|_  $$_/
2021-09-13 13:36:25,339 INFO startup [main] | $$__  $$| $$$$$$$$| $$  | $$| $$|  $$$$$$       | $$      | $$  \ $$| $$  \ $$| $$  \ $$| $$$$$$$$| $$        | $$
2021-09-13 13:36:25,340 INFO startup [main] | $$  \ $$| $$_____/| $$  | $$| $$ \____  $$      | $$    $$| $$  | $$| $$  | $$| $$  | $$| $$_____/| $$        | $$ /$$
2021-09-13 13:36:25,340 INFO startup [main] | $$  | $$|  $$$$$$$|  $$$$$$$| $$ /$$$$$$$/      |  $$$$$$/|  $$$$$$/| $$  | $$| $$  | $$|  $$$$$$$|  $$$$$$$  |  $$$$/
2021-09-13 13:36:25,340 INFO startup [main] |__/  |__/ \_______/ \_______/|__/|_______/        \______/  \______/ |__/  |__/|__/  |__/ \_______/ \_______/   \___/
2021-09-13 13:36:25,340 INFO startup [main] 
2021-09-13 13:36:25,340 INFO startup [main] 
2021-09-13 13:36:25,340 INFO startup [main] ##################################################################
2021-09-13 13:36:25,340 INFO startup [main] 	
2021-09-13 13:36:25,340 INFO startup [main] Initializing Redis Connect Instance
2021-09-13 13:36:25,340 INFO startup [main] 	
2021-09-13 13:36:25,340 INFO startup [main] ##################################################################
2021-09-13 13:36:25,344 INFO startup [main] connect-core         : Build : 1.0.2.150 : Build-Time : 2021-07-27T23:17:09Z
2021-09-13 13:36:25,346 INFO startup [main] connect-redis-core   : Build : 1.0.2.144 : Build-Time : 2021-07-27T23:17:09Z
2021-09-13 13:36:25,349 INFO startup [main] connector-rdb        : Build : 1.0.2.149 : Build-Time : 2021-07-27T23:17:09Z
2021-09-13 13:36:30,353 INFO startup [main] Requesting for Job Manager backed by : RedisStream
2021-09-13 13:36:30,643 DEBUG reactor.util.Loggers$LoggerFactory [main] Using Slf4j logging framework
2021-09-13 13:36:31,085 INFO startup [main] Connected to Redis for connectionId : jobConfigConnection PING received PONG 
2021-09-13 13:36:31,087 INFO startup [main] Initializing Job Manager
2021-09-13 13:36:31,287 INFO startup [main] Starting Job Manager
2021-09-13 13:36:31,289 INFO startup [main] Started Job Manager successfully
2021-09-13 13:36:41,301 INFO startup [JobManagement-1] Job Manager owned by a different process ? : false : jobType1
2021-09-13 13:36:44,358 INFO startup [JobManagement-1] Getting instance of EventHandler for : REDIS_HASH_WRITER
2021-09-13 13:36:44,390 INFO startup [JobManagement-1] Connected to Redis for connectionId : srcConnection PING received PONG 
2021-09-13 13:36:44,392 INFO startup [JobManagement-1] Getting instance of EventHandler for : REDIS_OP_CP_WRITER
2021-09-13 13:36:44,392 WARN startup [JobManagement-1] metricsKey not set - Metrics collection will be disabled
2021-09-13 13:37:01,500 INFO startup [JobManagement-1] Fetched JobConfig for : amlcases-postgres 
2021-09-13 13:37:01,500 INFO startup [JobManagement-1] Starting Pipeline for Job : amlcases-postgres
2021-09-13 13:37:01,501 INFO startup [JobManagement-1] 1 of 1 Jobs Claimed
2021-09-13 13:37:01,501 INFO startup [JobManagement-1] 1 of 1 Jobs Claimed
2021-09-13 13:37:26,305 INFO startup [JobManagement-1] Job : amlcases-postgres is running  heartbeat : JC-10440@Joses-MBP.hsd1.fl.comcast.net
2021-09-13 13:38:11,295 INFO startup [JobManagement-2] Job : amlcases-postgres is running  heartbeat : JC-10440@Joses-MBP.hsd1.fl.comcast.net
2021-09-13 13:38:56,299 INFO startup [JobManagement-1] Job : amlcases-postgres is running  heartbeat : JC-10440@Joses-MBP.hsd1.fl.comcast.net
2021-09-13 13:39:41,300 INFO startup [JobManagement-2] Job : amlcases-postgres is running  heartbeat : JC-10440@Joses-MBP.hsd1.fl.comcast.net
