13:52:46,871 |-INFO in ch.qos.logback.classic.LoggerContext[default] - Found resource [../config/logback.xml] at [file:/Users/joseceravolo/redisamldocker/redis-connect-postgres/bin/../config/logback.xml]
13:52:46,996 |-INFO in ch.qos.logback.classic.joran.action.ConfigurationAction - Will scan for changes in [file:/Users/joseceravolo/redisamldocker/redis-connect-postgres/bin/../config/logback.xml] 
13:52:46,996 |-INFO in ch.qos.logback.classic.joran.action.ConfigurationAction - Setting ReconfigureOnChangeTask scanning period to 30 seconds
13:52:47,000 |-INFO in ch.qos.logback.core.joran.action.AppenderAction - About to instantiate appender of type [ch.qos.logback.core.rolling.RollingFileAppender]
13:52:47,005 |-INFO in ch.qos.logback.core.joran.action.AppenderAction - Naming appender as [STARTUP]
13:52:47,020 |-INFO in c.q.l.core.rolling.SizeAndTimeBasedRollingPolicy@1924582348 - setting totalSizeCap to 20 GB
13:52:47,024 |-INFO in c.q.l.core.rolling.SizeAndTimeBasedRollingPolicy@1924582348 - Archive files will be limited to [10 MB] each.
13:52:47,033 |-INFO in c.q.l.core.rolling.SizeAndTimeBasedRollingPolicy@1924582348 - Will use gz compression
13:52:47,035 |-INFO in c.q.l.core.rolling.SizeAndTimeBasedRollingPolicy@1924582348 - Will use the pattern logs/archived/startup.%d{yyyy-MM-dd}.%i.log for the active file
13:52:47,038 |-INFO in ch.qos.logback.core.rolling.SizeAndTimeBasedFNATP@1a8a8f7c - The date pattern is 'yyyy-MM-dd' from file name pattern 'logs/archived/startup.%d{yyyy-MM-dd}.%i.log.gz'.
13:52:47,038 |-INFO in ch.qos.logback.core.rolling.SizeAndTimeBasedFNATP@1a8a8f7c - Roll-over at midnight.
13:52:47,044 |-INFO in ch.qos.logback.core.rolling.SizeAndTimeBasedFNATP@1a8a8f7c - Setting initial period to Wed Sep 15 13:52:36 EDT 2021
13:52:47,048 |-INFO in ch.qos.logback.core.joran.action.NestedComplexPropertyIA - Assuming default type [ch.qos.logback.classic.encoder.PatternLayoutEncoder] for [encoder] property
13:52:47,060 |-INFO in ch.qos.logback.core.rolling.RollingFileAppender[STARTUP] - Active log file name: logs/redis-connect-startup.log
13:52:47,060 |-INFO in ch.qos.logback.core.rolling.RollingFileAppender[STARTUP] - File property is set to [logs/redis-connect-startup.log]
13:52:47,061 |-INFO in ch.qos.logback.core.joran.action.AppenderAction - About to instantiate appender of type [ch.qos.logback.core.rolling.RollingFileAppender]
13:52:47,061 |-INFO in ch.qos.logback.core.joran.action.AppenderAction - Naming appender as [REDISCONNECT]
13:52:47,062 |-INFO in c.q.l.core.rolling.SizeAndTimeBasedRollingPolicy@811760110 - setting totalSizeCap to 20 GB
13:52:47,062 |-INFO in c.q.l.core.rolling.SizeAndTimeBasedRollingPolicy@811760110 - Archive files will be limited to [10 MB] each.
13:52:47,062 |-INFO in c.q.l.core.rolling.SizeAndTimeBasedRollingPolicy@811760110 - Will use gz compression
13:52:47,062 |-INFO in c.q.l.core.rolling.SizeAndTimeBasedRollingPolicy@811760110 - Will use the pattern logs/archived/app.%d{yyyy-MM-dd}.%i.log for the active file
13:52:47,063 |-INFO in ch.qos.logback.core.rolling.SizeAndTimeBasedFNATP@545997b1 - The date pattern is 'yyyy-MM-dd' from file name pattern 'logs/archived/app.%d{yyyy-MM-dd}.%i.log.gz'.
13:52:47,063 |-INFO in ch.qos.logback.core.rolling.SizeAndTimeBasedFNATP@545997b1 - Roll-over at midnight.
13:52:47,063 |-INFO in ch.qos.logback.core.rolling.SizeAndTimeBasedFNATP@545997b1 - Setting initial period to Wed Sep 15 13:52:36 EDT 2021
13:52:47,065 |-INFO in ch.qos.logback.core.joran.action.NestedComplexPropertyIA - Assuming default type [ch.qos.logback.classic.encoder.PatternLayoutEncoder] for [encoder] property
13:52:47,065 |-INFO in ch.qos.logback.core.rolling.RollingFileAppender[REDISCONNECT] - Active log file name: logs/redis-connect.log
13:52:47,065 |-INFO in ch.qos.logback.core.rolling.RollingFileAppender[REDISCONNECT] - File property is set to [logs/redis-connect.log]
13:52:47,066 |-INFO in ch.qos.logback.core.joran.action.AppenderAction - About to instantiate appender of type [ch.qos.logback.core.ConsoleAppender]
13:52:47,067 |-INFO in ch.qos.logback.core.joran.action.AppenderAction - Naming appender as [CONSOLE]
13:52:47,067 |-INFO in ch.qos.logback.core.joran.action.NestedComplexPropertyIA - Assuming default type [ch.qos.logback.classic.encoder.PatternLayoutEncoder] for [encoder] property
13:52:47,069 |-INFO in ch.qos.logback.classic.joran.action.LoggerAction - Setting level of logger [startup] to INFO
13:52:47,069 |-INFO in ch.qos.logback.classic.joran.action.LoggerAction - Setting additivity of logger [startup] to false
13:52:47,069 |-INFO in ch.qos.logback.core.joran.action.AppenderRefAction - Attaching appender named [STARTUP] to Logger[startup]
13:52:47,070 |-INFO in ch.qos.logback.core.joran.action.AppenderRefAction - Attaching appender named [CONSOLE] to Logger[startup]
13:52:47,070 |-INFO in ch.qos.logback.classic.joran.action.LoggerAction - Setting level of logger [redisconnect] to INFO
13:52:47,070 |-INFO in ch.qos.logback.classic.joran.action.LoggerAction - Setting additivity of logger [redisconnect] to false
13:52:47,070 |-INFO in ch.qos.logback.core.joran.action.AppenderRefAction - Attaching appender named [REDISCONNECT] to Logger[redisconnect]
13:52:47,070 |-INFO in ch.qos.logback.core.joran.action.AppenderRefAction - Attaching appender named [CONSOLE] to Logger[redisconnect]
13:52:47,070 |-INFO in ch.qos.logback.classic.joran.action.LoggerAction - Setting level of logger [com.redislabs] to INFO
13:52:47,070 |-INFO in ch.qos.logback.classic.joran.action.LoggerAction - Setting additivity of logger [com.redislabs] to false
13:52:47,070 |-INFO in ch.qos.logback.core.joran.action.AppenderRefAction - Attaching appender named [REDISCONNECT] to Logger[com.redislabs]
13:52:47,070 |-INFO in ch.qos.logback.core.joran.action.AppenderRefAction - Attaching appender named [CONSOLE] to Logger[com.redislabs]
13:52:47,070 |-INFO in ch.qos.logback.classic.joran.action.LoggerAction - Setting level of logger [io.netty] to OFF
13:52:47,070 |-INFO in ch.qos.logback.classic.joran.action.LoggerAction - Setting additivity of logger [io.netty] to false
13:52:47,070 |-INFO in ch.qos.logback.core.joran.action.AppenderRefAction - Attaching appender named [CONSOLE] to Logger[io.netty]
13:52:47,070 |-INFO in ch.qos.logback.classic.joran.action.LoggerAction - Setting level of logger [io.lettuce] to OFF
13:52:47,070 |-INFO in ch.qos.logback.classic.joran.action.LoggerAction - Setting additivity of logger [io.lettuce] to false
13:52:47,070 |-INFO in ch.qos.logback.core.joran.action.AppenderRefAction - Attaching appender named [CONSOLE] to Logger[io.lettuce]
13:52:47,070 |-INFO in ch.qos.logback.classic.joran.action.LoggerAction - Setting level of logger [com.zaxxer] to OFF
13:52:47,070 |-INFO in ch.qos.logback.classic.joran.action.LoggerAction - Setting additivity of logger [com.zaxxer] to false
13:52:47,071 |-INFO in ch.qos.logback.core.joran.action.AppenderRefAction - Attaching appender named [REDISCONNECT] to Logger[com.zaxxer]
13:52:47,071 |-INFO in ch.qos.logback.core.joran.action.AppenderRefAction - Attaching appender named [STARTUP] to Logger[com.zaxxer]
13:52:47,071 |-INFO in ch.qos.logback.classic.joran.action.LoggerAction - Setting level of logger [io.debezium] to OFF
13:52:47,071 |-INFO in ch.qos.logback.classic.joran.action.LoggerAction - Setting additivity of logger [io.debezium] to false
13:52:47,071 |-INFO in ch.qos.logback.core.joran.action.AppenderRefAction - Attaching appender named [REDISCONNECT] to Logger[io.debezium]
13:52:47,071 |-INFO in ch.qos.logback.core.joran.action.AppenderRefAction - Attaching appender named [STARTUP] to Logger[io.debezium]
13:52:47,071 |-INFO in ch.qos.logback.classic.joran.action.LoggerAction - Setting level of logger [org.apache.kafka] to OFF
13:52:47,071 |-INFO in ch.qos.logback.classic.joran.action.LoggerAction - Setting additivity of logger [org.apache.kafka] to false
13:52:47,071 |-INFO in ch.qos.logback.core.joran.action.AppenderRefAction - Attaching appender named [REDISCONNECT] to Logger[org.apache.kafka]
13:52:47,071 |-INFO in ch.qos.logback.core.joran.action.AppenderRefAction - Attaching appender named [STARTUP] to Logger[org.apache.kafka]
13:52:47,071 |-INFO in ch.qos.logback.core.joran.action.AppenderRefAction - Attaching appender named [STARTUP] to Logger[ROOT]
13:52:47,071 |-INFO in ch.qos.logback.core.joran.action.AppenderRefAction - Attaching appender named [REDISCONNECT] to Logger[ROOT]
13:52:47,071 |-INFO in ch.qos.logback.classic.joran.action.ConfigurationAction - End of configuration.
13:52:47,072 |-INFO in ch.qos.logback.classic.joran.JoranConfigurator@68ceda24 - Registering current configuration as safe fallback point
13:52:47.079 [main] INFO  startup -  /$$$$$$$                  /$$ /$$                  /$$$$$$                                                      /$$
13:52:47.081 [main] INFO  startup - | $$__  $$                | $$|__/                 /$$__  $$                                                    | $$
13:52:47.081 [main] INFO  startup - | $$  \ $$  /$$$$$$   /$$$$$$$ /$$  /$$$$$$$      | $$  \__/  /$$$$$$  /$$$$$$$  /$$$$$$$   /$$$$$$   /$$$$$$$ /$$$$$$
13:52:47.081 [main] INFO  startup - | $$$$$$$/ /$$__  $$ /$$__  $$| $$ /$$_____/      | $$       /$$__  $$| $$__  $$| $$__  $$ /$$__  $$ /$$_____/|_  $$_/
13:52:47.081 [main] INFO  startup - | $$__  $$| $$$$$$$$| $$  | $$| $$|  $$$$$$       | $$      | $$  \ $$| $$  \ $$| $$  \ $$| $$$$$$$$| $$        | $$
13:52:47.081 [main] INFO  startup - | $$  \ $$| $$_____/| $$  | $$| $$ \____  $$      | $$    $$| $$  | $$| $$  | $$| $$  | $$| $$_____/| $$        | $$ /$$
13:52:47.082 [main] INFO  startup - | $$  | $$|  $$$$$$$|  $$$$$$$| $$ /$$$$$$$/      |  $$$$$$/|  $$$$$$/| $$  | $$| $$  | $$|  $$$$$$$|  $$$$$$$  |  $$$$/
13:52:47.082 [main] INFO  startup - |__/  |__/ \_______/ \_______/|__/|_______/        \______/  \______/ |__/  |__/|__/  |__/ \_______/ \_______/   \___/
13:52:47.082 [main] INFO  startup - 
13:52:47.082 [main] INFO  startup - 
13:52:47.082 [main] INFO  startup - ##################################################################
13:52:47.082 [main] INFO  startup - 	
13:52:47.082 [main] INFO  startup - Initializing Redis Connect Instance
13:52:47.082 [main] INFO  startup - 	
13:52:47.082 [main] INFO  startup - ##################################################################
13:52:47.086 [main] INFO  startup - connect-core         : Build : 1.0.2.150 : Build-Time : 2021-07-27T23:17:09Z
13:52:47.088 [main] INFO  startup - connect-redis-core   : Build : 1.0.2.144 : Build-Time : 2021-07-27T23:17:09Z
13:52:47.090 [main] INFO  startup - connector-rdb        : Build : 1.0.2.149 : Build-Time : 2021-07-27T23:17:09Z
13:52:52.092 [main] INFO  startup - Requesting for Job Manager backed by : RedisStream
13:52:52.103 [main] INFO  c.r.connect.core.JobManagerProvider - Loading JobManager with store implementation : RedisStream
13:52:52.836 [main] INFO  startup - Connected to Redis for connectionId : jobConfigConnection PING received PONG 
13:52:52.837 [main] INFO  c.r.connect.core.JobManagerProvider - Loading JobManager with store implementation : RedisList
13:52:52.837 [main] INFO  c.r.connect.core.JobManagerProvider - getJobManager() called for store implementation : {}
13:52:52.838 [main] INFO  startup - Initializing Job Manager
13:52:53.033 [main] INFO  startup - Starting Job Manager
13:52:53.036 [main] INFO  startup - Started Job Manager successfully
13:53:03.047 [JobManagement-1] INFO  startup - Job Manager owned by a different process ? : false : jobType1
13:53:03.047 [JobManagement-2] INFO  redisconnect - Refreshing Heartbeat signal for : hb-jobManager , with value : jobType1-JM-4709@Joses-MBP.hsd1.fl.comcast.net , expiry : 30000
13:53:06.104 [JobManagement-1] INFO  startup - Getting instance of EventHandler for : REDIS_HASH_WRITER
13:53:06.136 [JobManagement-1] INFO  startup - Connected to Redis for connectionId : srcConnection PING received PONG 
13:53:06.138 [JobManagement-1] INFO  startup - Getting instance of EventHandler for : REDIS_OP_CP_WRITER
13:53:06.139 [JobManagement-1] WARN  startup - metricsKey not set - Metrics collection will be disabled
13:53:06.147 [JobManagement-1] INFO  redisconnect - Server type configured as - postgres
13:53:06.149 [JobManagement-1] INFO  redisconnect - Reading Mapper Config from : ../config/redisaml/postgres//mappers
13:53:06.324 [JobManagement-1] INFO  redisconnect - Loaded Config for : public.amlcases
13:53:06.324 [JobManagement-1] INFO  redisconnect - Loaded Config for : public.amlcasefiles
13:53:06.701 [JobManagement-1] INFO  startup - Fetched JobConfig for : amlcases-postgres 
13:53:06.701 [JobManagement-1] INFO  startup - Starting Pipeline for Job : amlcases-postgres
13:53:06.701 [JobManagement-1] INFO  startup - 1 of 1 Jobs Claimed
13:53:06.701 [JobManagement-2] INFO  redisconnect - Refreshing Heartbeat signal for : hb-job:amlcases-postgres , with value : JC-4709@Joses-MBP.hsd1.fl.comcast.net , expiry : 30000
13:53:06.701 [JobManagement-1] INFO  startup - 1 of 1 Jobs Claimed
13:53:16.550 [JobManagement-1] INFO  redisconnect - Refreshing Heartbeat signal for : hb-jobManager , with value : jobType1-JM-4709@Joses-MBP.hsd1.fl.comcast.net , expiry : 30000
13:53:20.202 [JobManagement-2] INFO  redisconnect - Refreshing Heartbeat signal for : hb-job:amlcases-postgres , with value : JC-4709@Joses-MBP.hsd1.fl.comcast.net , expiry : 30000
13:53:30.051 [JobManagement-2] INFO  redisconnect - Refreshing Heartbeat signal for : hb-jobManager , with value : jobType1-JM-4709@Joses-MBP.hsd1.fl.comcast.net , expiry : 30000
13:53:33.705 [JobManagement-1] INFO  redisconnect - Refreshing Heartbeat signal for : hb-job:amlcases-postgres , with value : JC-4709@Joses-MBP.hsd1.fl.comcast.net , expiry : 30000
13:53:43.550 [JobManagement-1] INFO  redisconnect - Refreshing Heartbeat signal for : hb-jobManager , with value : jobType1-JM-4709@Joses-MBP.hsd1.fl.comcast.net , expiry : 30000
13:53:47.207 [JobManagement-1] INFO  redisconnect - Refreshing Heartbeat signal for : hb-job:amlcases-postgres , with value : JC-4709@Joses-MBP.hsd1.fl.comcast.net , expiry : 30000
13:53:48.043 [JobManagement-2] INFO  startup - Job : amlcases-postgres is running  heartbeat : JC-4709@Joses-MBP.hsd1.fl.comcast.net
13:53:57.052 [JobManagement-2] INFO  redisconnect - Refreshing Heartbeat signal for : hb-jobManager , with value : jobType1-JM-4709@Joses-MBP.hsd1.fl.comcast.net , expiry : 30000
13:54:00.705 [JobManagement-1] INFO  redisconnect - Refreshing Heartbeat signal for : hb-job:amlcases-postgres , with value : JC-4709@Joses-MBP.hsd1.fl.comcast.net , expiry : 30000
13:54:10.550 [JobManagement-2] INFO  redisconnect - Refreshing Heartbeat signal for : hb-jobManager , with value : jobType1-JM-4709@Joses-MBP.hsd1.fl.comcast.net , expiry : 30000
13:54:14.202 [JobManagement-1] INFO  redisconnect - Refreshing Heartbeat signal for : hb-job:amlcases-postgres , with value : JC-4709@Joses-MBP.hsd1.fl.comcast.net , expiry : 30000
13:54:24.053 [JobManagement-1] INFO  redisconnect - Refreshing Heartbeat signal for : hb-jobManager , with value : jobType1-JM-4709@Joses-MBP.hsd1.fl.comcast.net , expiry : 30000
13:54:27.703 [JobManagement-1] INFO  redisconnect - Refreshing Heartbeat signal for : hb-job:amlcases-postgres , with value : JC-4709@Joses-MBP.hsd1.fl.comcast.net , expiry : 30000
13:54:33.044 [JobManagement-1] INFO  startup - Job : amlcases-postgres is running  heartbeat : JC-4709@Joses-MBP.hsd1.fl.comcast.net
13:54:37.549 [JobManagement-1] INFO  redisconnect - Refreshing Heartbeat signal for : hb-jobManager , with value : jobType1-JM-4709@Joses-MBP.hsd1.fl.comcast.net , expiry : 30000
13:54:41.202 [JobManagement-2] INFO  redisconnect - Refreshing Heartbeat signal for : hb-job:amlcases-postgres , with value : JC-4709@Joses-MBP.hsd1.fl.comcast.net , expiry : 30000
13:54:51.049 [JobManagement-1] INFO  redisconnect - Refreshing Heartbeat signal for : hb-jobManager , with value : jobType1-JM-4709@Joses-MBP.hsd1.fl.comcast.net , expiry : 30000
13:54:54.703 [JobManagement-2] INFO  redisconnect - Refreshing Heartbeat signal for : hb-job:amlcases-postgres , with value : JC-4709@Joses-MBP.hsd1.fl.comcast.net , expiry : 30000
13:55:04.549 [JobManagement-2] INFO  redisconnect - Refreshing Heartbeat signal for : hb-jobManager , with value : jobType1-JM-4709@Joses-MBP.hsd1.fl.comcast.net , expiry : 30000
13:55:08.208 [JobManagement-1] INFO  redisconnect - Refreshing Heartbeat signal for : hb-job:amlcases-postgres , with value : JC-4709@Joses-MBP.hsd1.fl.comcast.net , expiry : 30000
13:55:18.043 [JobManagement-2] INFO  startup - Job : amlcases-postgres is running  heartbeat : JC-4709@Joses-MBP.hsd1.fl.comcast.net
13:55:18.049 [JobManagement-1] INFO  redisconnect - Refreshing Heartbeat signal for : hb-jobManager , with value : jobType1-JM-4709@Joses-MBP.hsd1.fl.comcast.net , expiry : 30000
13:55:21.706 [JobManagement-2] INFO  redisconnect - Refreshing Heartbeat signal for : hb-job:amlcases-postgres , with value : JC-4709@Joses-MBP.hsd1.fl.comcast.net , expiry : 30000
13:55:31.551 [JobManagement-1] INFO  redisconnect - Refreshing Heartbeat signal for : hb-jobManager , with value : jobType1-JM-4709@Joses-MBP.hsd1.fl.comcast.net , expiry : 30000
13:55:35.206 [JobManagement-2] INFO  redisconnect - Refreshing Heartbeat signal for : hb-job:amlcases-postgres , with value : JC-4709@Joses-MBP.hsd1.fl.comcast.net , expiry : 30000
13:55:45.050 [JobManagement-1] INFO  redisconnect - Refreshing Heartbeat signal for : hb-jobManager , with value : jobType1-JM-4709@Joses-MBP.hsd1.fl.comcast.net , expiry : 30000
13:55:48.705 [JobManagement-1] INFO  redisconnect - Refreshing Heartbeat signal for : hb-job:amlcases-postgres , with value : JC-4709@Joses-MBP.hsd1.fl.comcast.net , expiry : 30000
13:55:58.554 [JobManagement-2] INFO  redisconnect - Refreshing Heartbeat signal for : hb-jobManager , with value : jobType1-JM-4709@Joses-MBP.hsd1.fl.comcast.net , expiry : 30000
13:56:02.208 [JobManagement-1] INFO  redisconnect - Refreshing Heartbeat signal for : hb-job:amlcases-postgres , with value : JC-4709@Joses-MBP.hsd1.fl.comcast.net , expiry : 30000
13:56:03.043 [JobManagement-2] INFO  startup - Job : amlcases-postgres is running  heartbeat : JC-4709@Joses-MBP.hsd1.fl.comcast.net
13:56:12.052 [JobManagement-1] INFO  redisconnect - Refreshing Heartbeat signal for : hb-jobManager , with value : jobType1-JM-4709@Joses-MBP.hsd1.fl.comcast.net , expiry : 30000
13:56:15.708 [JobManagement-2] INFO  redisconnect - Refreshing Heartbeat signal for : hb-job:amlcases-postgres , with value : JC-4709@Joses-MBP.hsd1.fl.comcast.net , expiry : 30000
13:56:25.551 [JobManagement-1] INFO  redisconnect - Refreshing Heartbeat signal for : hb-jobManager , with value : jobType1-JM-4709@Joses-MBP.hsd1.fl.comcast.net , expiry : 30000
13:56:29.204 [JobManagement-1] INFO  redisconnect - Refreshing Heartbeat signal for : hb-job:amlcases-postgres , with value : JC-4709@Joses-MBP.hsd1.fl.comcast.net , expiry : 30000
13:56:39.050 [JobManagement-2] INFO  redisconnect - Refreshing Heartbeat signal for : hb-jobManager , with value : jobType1-JM-4709@Joses-MBP.hsd1.fl.comcast.net , expiry : 30000
13:56:42.705 [JobManagement-1] INFO  redisconnect - Refreshing Heartbeat signal for : hb-job:amlcases-postgres , with value : JC-4709@Joses-MBP.hsd1.fl.comcast.net , expiry : 30000
13:56:48.044 [JobManagement-2] INFO  startup - Job : amlcases-postgres is running  heartbeat : JC-4709@Joses-MBP.hsd1.fl.comcast.net
13:56:52.551 [JobManagement-1] INFO  redisconnect - Refreshing Heartbeat signal for : hb-jobManager , with value : jobType1-JM-4709@Joses-MBP.hsd1.fl.comcast.net , expiry : 30000
13:56:56.204 [JobManagement-2] INFO  redisconnect - Refreshing Heartbeat signal for : hb-job:amlcases-postgres , with value : JC-4709@Joses-MBP.hsd1.fl.comcast.net , expiry : 30000
13:57:06.051 [JobManagement-1] INFO  redisconnect - Refreshing Heartbeat signal for : hb-jobManager , with value : jobType1-JM-4709@Joses-MBP.hsd1.fl.comcast.net , expiry : 30000
13:57:09.708 [JobManagement-2] INFO  redisconnect - Refreshing Heartbeat signal for : hb-job:amlcases-postgres , with value : JC-4709@Joses-MBP.hsd1.fl.comcast.net , expiry : 30000
13:57:19.552 [JobManagement-1] INFO  redisconnect - Refreshing Heartbeat signal for : hb-jobManager , with value : jobType1-JM-4709@Joses-MBP.hsd1.fl.comcast.net , expiry : 30000
13:57:23.208 [JobManagement-2] INFO  redisconnect - Refreshing Heartbeat signal for : hb-job:amlcases-postgres , with value : JC-4709@Joses-MBP.hsd1.fl.comcast.net , expiry : 30000
13:57:33.044 [JobManagement-1] INFO  startup - Job : amlcases-postgres is running  heartbeat : JC-4709@Joses-MBP.hsd1.fl.comcast.net
13:57:33.053 [JobManagement-2] INFO  redisconnect - Refreshing Heartbeat signal for : hb-jobManager , with value : jobType1-JM-4709@Joses-MBP.hsd1.fl.comcast.net , expiry : 30000
13:57:36.705 [JobManagement-1] INFO  redisconnect - Refreshing Heartbeat signal for : hb-job:amlcases-postgres , with value : JC-4709@Joses-MBP.hsd1.fl.comcast.net , expiry : 30000
13:57:46.554 [JobManagement-1] INFO  redisconnect - Refreshing Heartbeat signal for : hb-jobManager , with value : jobType1-JM-4709@Joses-MBP.hsd1.fl.comcast.net , expiry : 30000
13:57:50.206 [JobManagement-2] INFO  redisconnect - Refreshing Heartbeat signal for : hb-job:amlcases-postgres , with value : JC-4709@Joses-MBP.hsd1.fl.comcast.net , expiry : 30000
13:58:00.054 [JobManagement-1] INFO  redisconnect - Refreshing Heartbeat signal for : hb-jobManager , with value : jobType1-JM-4709@Joses-MBP.hsd1.fl.comcast.net , expiry : 30000
13:58:03.707 [JobManagement-2] INFO  redisconnect - Refreshing Heartbeat signal for : hb-job:amlcases-postgres , with value : JC-4709@Joses-MBP.hsd1.fl.comcast.net , expiry : 30000
13:58:13.555 [JobManagement-2] INFO  redisconnect - Refreshing Heartbeat signal for : hb-jobManager , with value : jobType1-JM-4709@Joses-MBP.hsd1.fl.comcast.net , expiry : 30000
13:58:17.210 [JobManagement-1] INFO  redisconnect - Refreshing Heartbeat signal for : hb-job:amlcases-postgres , with value : JC-4709@Joses-MBP.hsd1.fl.comcast.net , expiry : 30000
13:58:18.045 [JobManagement-2] INFO  startup - Job : amlcases-postgres is running  heartbeat : JC-4709@Joses-MBP.hsd1.fl.comcast.net
13:58:27.055 [JobManagement-1] INFO  redisconnect - Refreshing Heartbeat signal for : hb-jobManager , with value : jobType1-JM-4709@Joses-MBP.hsd1.fl.comcast.net , expiry : 30000
13:58:30.705 [JobManagement-2] INFO  redisconnect - Refreshing Heartbeat signal for : hb-job:amlcases-postgres , with value : JC-4709@Joses-MBP.hsd1.fl.comcast.net , expiry : 30000
13:58:40.555 [JobManagement-2] INFO  redisconnect - Refreshing Heartbeat signal for : hb-jobManager , with value : jobType1-JM-4709@Joses-MBP.hsd1.fl.comcast.net , expiry : 30000
13:58:44.206 [JobManagement-1] INFO  redisconnect - Refreshing Heartbeat signal for : hb-job:amlcases-postgres , with value : JC-4709@Joses-MBP.hsd1.fl.comcast.net , expiry : 30000
13:58:54.055 [JobManagement-2] INFO  redisconnect - Refreshing Heartbeat signal for : hb-jobManager , with value : jobType1-JM-4709@Joses-MBP.hsd1.fl.comcast.net , expiry : 30000
13:58:57.708 [JobManagement-2] INFO  redisconnect - Refreshing Heartbeat signal for : hb-job:amlcases-postgres , with value : JC-4709@Joses-MBP.hsd1.fl.comcast.net , expiry : 30000
13:59:03.046 [JobManagement-1] INFO  startup - Job : amlcases-postgres is running  heartbeat : JC-4709@Joses-MBP.hsd1.fl.comcast.net
13:59:07.554 [JobManagement-1] INFO  redisconnect - Refreshing Heartbeat signal for : hb-jobManager , with value : jobType1-JM-4709@Joses-MBP.hsd1.fl.comcast.net , expiry : 30000
13:59:11.206 [JobManagement-2] INFO  redisconnect - Refreshing Heartbeat signal for : hb-job:amlcases-postgres , with value : JC-4709@Joses-MBP.hsd1.fl.comcast.net , expiry : 30000
13:59:21.054 [JobManagement-1] INFO  redisconnect - Refreshing Heartbeat signal for : hb-jobManager , with value : jobType1-JM-4709@Joses-MBP.hsd1.fl.comcast.net , expiry : 30000
13:59:24.707 [JobManagement-2] INFO  redisconnect - Refreshing Heartbeat signal for : hb-job:amlcases-postgres , with value : JC-4709@Joses-MBP.hsd1.fl.comcast.net , expiry : 30000
13:59:34.556 [JobManagement-2] INFO  redisconnect - Refreshing Heartbeat signal for : hb-jobManager , with value : jobType1-JM-4709@Joses-MBP.hsd1.fl.comcast.net , expiry : 30000
13:59:38.206 [JobManagement-1] INFO  redisconnect - Refreshing Heartbeat signal for : hb-job:amlcases-postgres , with value : JC-4709@Joses-MBP.hsd1.fl.comcast.net , expiry : 30000
13:59:47.992 [JobManagement-1] INFO  redisconnect - Refreshing Heartbeat signal for : hb-jobManager , with value : jobType1-JM-4709@Joses-MBP.hsd1.fl.comcast.net , expiry : 30000
13:59:47.992 [JobManagement-2] INFO  startup - Job : amlcases-postgres is running  heartbeat : JC-4709@Joses-MBP.hsd1.fl.comcast.net
13:59:51.646 [JobManagement-2] INFO  redisconnect - Refreshing Heartbeat signal for : hb-job:amlcases-postgres , with value : JC-4709@Joses-MBP.hsd1.fl.comcast.net , expiry : 30000
14:00:01.493 [JobManagement-1] INFO  redisconnect - Refreshing Heartbeat signal for : hb-jobManager , with value : jobType1-JM-4709@Joses-MBP.hsd1.fl.comcast.net , expiry : 30000
14:00:05.148 [JobManagement-2] INFO  redisconnect - Refreshing Heartbeat signal for : hb-job:amlcases-postgres , with value : JC-4709@Joses-MBP.hsd1.fl.comcast.net , expiry : 30000
14:00:14.992 [JobManagement-2] INFO  redisconnect - Refreshing Heartbeat signal for : hb-jobManager , with value : jobType1-JM-4709@Joses-MBP.hsd1.fl.comcast.net , expiry : 30000
14:00:18.643 [JobManagement-1] INFO  redisconnect - Refreshing Heartbeat signal for : hb-job:amlcases-postgres , with value : JC-4709@Joses-MBP.hsd1.fl.comcast.net , expiry : 30000
